Avoiding CGA Snow: FALSE
Number of titles: 1335
Base directory: D:\PROJECTS\TDL\DISTRO\
Swapping enabled: TRUE
Preloading enabled: TRUE
Cache Directory: C:\TEMP\CACHE.DIR\
Attempting to Launch title #0:
0_howdy_from_1981
Entering handler framework: TXT
Execution template:  0_HOWDY_.TXT
Switching to d:\projects\tdl\output\files\ to execute D:\PROJECTS\TDL\distro\utils\list.com 0_HOWDY_.TXT
Switching back to d:\projects\tdl\output\files
Saving DOS screen contents
Attempting to Launch title #3:
1000 Miles (1984)(Anonymous) [Simulation, Racing - Driving, Sports]
Found 3 files in C:\TEMP\CACHE.DIR\1000MILE
Entering handler framework: BAS
exit BASIC and return back here.
Execution template:  1000MILE.BAS
Switching to C:\TEMP\CACHE.DIR\1000MILE\ to execute c:\basic\gwbasic.exe 1000MILE.BAS
Switching back to C:\TEMP\CACHE.DIR\1000MILE
Saving DOS screen contents
Switching back to D:\PROJECTS\TDL
Debug Console closing...
